[    27.448] (--) Log file renamed from "/home/angel/.local/share/xorg/Xorg.pid-1644.log" to "/home/angel/.local/share/xorg/Xorg.0.log"
[    27.448] 
X.Org X Server 1.20.13
X Protocol Version 11, Revision 0
[    27.449] Build Operating System: linux Ubuntu
[    27.449] Current Operating System: Linux angel-VirtualBox 5.15.0-134-generic #145~20.04.1-Ubuntu SMP Mon Feb 17 13:27:16 UTC 2025 x86_64
[    27.449] Kernel command line: BOOT_IMAGE=/boot/vmlinuz-5.15.0-134-generic root=UUID=46e7e4be-a3d8-4467-83c8-478609a05fa8 ro quiet splash
[    27.449] Build Date: 19 February 2025  01:54:27PM
[    27.449] xorg-server 2:1.20.13-1ubuntu1~20.04.19 (For technical support please see http://www.ubuntu.com/support) 
[    27.449] Current version of pixman: 0.38.4
[    27.449] 	Before reporting problems, check http://wiki.x.org
	to make sure that you have the latest version.
[    27.449] Markers: (--) probed, (**) from config file, (==) default setting,
	(++) from command line, (!!) notice, (II) informational,
	(WW) warning, (EE) error, (NI) not implemented, (??) unknown.
[    27.449] (==) Log file: "/home/angel/.local/share/xorg/Xorg.0.log", Time: Mon Mar 17 15:44:21 2025
[    27.453] (==) Using system config directory "/usr/share/X11/xorg.conf.d"
[    27.457] (==) No Layout section.  Using the first Screen section.
[    27.457] (==) No screen section available. Using defaults.
[    27.457] (**) |-->Screen "Default Screen Section" (0)
[    27.457] (**) |   |-->Monitor "<default monitor>"
[    27.459] (==) No monitor specified for screen "Default Screen Section".
	Using a default monitor configuration.
[    27.459] (==) Automatically adding devices
[    27.459] (==) Automatically enabling devices
[    27.459] (==) Automatically adding GPU devices
[    27.460] (==) Automatically binding GPU devices
[    27.460] (==) Max clients allowed: 256, resource mask: 0x1fffff
[    27.460] (WW) The directory "/usr/share/fonts/X11/cyrillic" does not exist.
[    27.460] 	Entry deleted from font path.
[    27.460] (WW) The directory "/usr/share/fonts/X11/100dpi/" does not exist.
[    27.460] 	Entry deleted from font path.
[    27.460] (WW) The directory "/usr/share/fonts/X11/75dpi/" does not exist.
[    27.460] 	Entry deleted from font path.
[    27.460] (WW) The directory "/usr/share/fonts/X11/100dpi" does not exist.
[    27.460] 	Entry deleted from font path.
[    27.460] (WW) The directory "/usr/share/fonts/X11/75dpi" does not exist.
[    27.460] 	Entry deleted from font path.
[    27.460] (==) FontPath set to:
	/usr/share/fonts/X11/misc,
	/usr/share/fonts/X11/Type1,
	built-ins
[    27.460] (==) ModulePath set to "/usr/lib/xorg/modules"
[    27.460] (II) The server relies on udev to provide the list of input devices.
	If no devices become available, reconfigure udev or disable AutoAddDevices.
[    27.460] (II) Loader magic: 0x559a558c7020
[    27.460] (II) Module ABI versions:
[    27.460] 	X.Org ANSI C Emulation: 0.4
[    27.460] 	X.Org Video Driver: 24.1
[    27.460] 	X.Org XInput driver : 24.1
[    27.460] 	X.Org Server Extension : 10.0
[    27.461] (++) using VT number 2

[    27.462] (II) systemd-logind: took control of session /org/freedesktop/login1/session/_32
[    27.463] (II) xfree86: Adding drm device (/dev/dri/card0)
[    27.463] (II) systemd-logind: got fd for /dev/dri/card0 226:0 fd 12 paused 0
[    27.464] (--) PCI:*(0@0:2:0) 15ad:0405:15ad:0405 rev 0, Mem @ 0xe0000000/16777216, 0xf0000000/2097152, I/O @ 0x0000d010/16, BIOS @ 0x????????/131072
[    27.465] (II) LoadModule: "glx"
[    27.467] (II) Loading /usr/lib/xorg/modules/extensions/libglx.so
[    27.470] (II) Module glx: vendor="X.Org Foundation"
[    27.471] 	compiled for 1.20.13, module version = 1.0.0
[    27.471] 	ABI class: X.Org Server Extension, version 10.0
[    27.471] (==) Matched vmware as autoconfigured driver 0
[    27.471] (==) Matched modesetting as autoconfigured driver 1
[    27.471] (==) Matched fbdev as autoconfigured driver 2
[    27.471] (==) Matched vesa as autoconfigured driver 3
[    27.471] (==) Assigned the driver to the xf86ConfigLayout
[    27.472] (II) LoadModule: "vmware"
[    27.472] (II) Loading /usr/lib/xorg/modules/drivers/vmware_drv.so
[    27.521] (II) Module vmware: vendor="X.Org Foundation"
[    27.521] 	compiled for 1.20.8, module version = 13.3.0
[    27.521] 	Module class: X.Org Video Driver
[    27.521] 	ABI class: X.Org Video Driver, version 24.1
[    27.521] (II) LoadModule: "modesetting"
[    27.521] (II) Loading /usr/lib/xorg/modules/drivers/modesetting_drv.so
[    27.523] (II) Module modesetting: vendor="X.Org Foundation"
[    27.523] 	compiled for 1.20.13, module version = 1.20.13
[    27.523] 	Module class: X.Org Video Driver
[    27.523] 	ABI class: X.Org Video Driver, version 24.1
[    27.523] (II) LoadModule: "fbdev"
[    27.524] (II) Loading /usr/lib/xorg/modules/drivers/fbdev_drv.so
[    27.527] (II) Module fbdev: vendor="X.Org Foundation"
[    27.527] 	compiled for 1.20.1, module version = 0.5.0
[    27.527] 	Module class: X.Org Video Driver
[    27.527] 	ABI class: X.Org Video Driver, version 24.0
[    27.527] (II) LoadModule: "vesa"
[    27.527] (II) Loading /usr/lib/xorg/modules/drivers/vesa_drv.so
[    27.528] (II) Module vesa: vendor="X.Org Foundation"
[    27.528] 	compiled for 1.20.4, module version = 2.4.0
[    27.528] 	Module class: X.Org Video Driver
[    27.528] 	ABI class: X.Org Video Driver, version 24.0
[    27.528] (II) vmware: driver for VMware SVGA: vmware0405, vmware0710
[    27.529] (II) modesetting: Driver for Modesetting Kernel Drivers: kms
[    27.529] (II) FBDEV: driver for framebuffer: fbdev
[    27.529] (II) VESA: driver for VESA chipsets: vesa
[    27.529] xf86EnableIOPorts: failed to set IOPL for I/O (Operation not permitted)
[    27.529] (WW) Falling back to old probe method for modesetting
[    27.529] (WW) Falling back to old probe method for fbdev
[    27.529] (II) Loading sub module "fbdevhw"
[    27.529] (II) LoadModule: "fbdevhw"
[    27.530] (II) Loading /usr/lib/xorg/modules/libfbdevhw.so
[    27.531] (II) Module fbdevhw: vendor="X.Org Foundation"
[    27.532] 	compiled for 1.20.13, module version = 0.0.2
[    27.532] 	ABI class: X.Org Video Driver, version 24.1
[    27.532] (EE) open /dev/fb0: Permission denied
[    27.532] (WW) VGA arbiter: cannot open kernel arbiter, no multi-card support
[    27.532] (II) vmware(0): Creating default Display subsection in Screen section
	"Default Screen Section" for depth/fbbpp 24/32
[    27.532] (--) vmware(0): DRM driver version is 2.19.0
[    27.532] (==) vmware(0): Depth 24, (--) framebuffer bpp 32
[    27.532] (==) vmware(0): RGB weight 888
[    27.532] (==) vmware(0): Default visual is TrueColor
[    27.532] (--) vmware(0): Min width 1, Max Width 8192.
[    27.532] (--) vmware(0): Min height 1, Max Height 8192.
[    27.533] (II) vmware(0): Output Virtual1 has no monitor section
[    27.533] (II) vmware(0): Output Virtual2 has no monitor section
[    27.533] (II) vmware(0): Output Virtual3 has no monitor section
[    27.533] (II) vmware(0): Output Virtual4 has no monitor section
[    27.533] (II) vmware(0): Output Virtual5 has no monitor section
[    27.533] (II) vmware(0): Output Virtual6 has no monitor section
[    27.533] (II) vmware(0): Output Virtual7 has no monitor section
[    27.533] (II) vmware(0): Output Virtual8 has no monitor section
[    27.533] (II) vmware(0): Printing probed modes for output Virtual1
[    27.533] (II) vmware(0): Modeline "958x966"x60.0   74.19  958 1008 1058 1108  966 1016 1066 1116 -hsync +vsync (67.0 kHz eP)
[    27.533] (II) vmware(0): Modeline "2560x1600"x60.0  348.50  2560 2752 3032 3504  1600 1603 1609 1658 -hsync +vsync (99.5 kHz e)
[    27.533] (II) vmware(0): Modeline "2560x1440"x60.0  241.50  2560 2608 2640 2720  1440 1443 1448 1481 +hsync -vsync (88.8 kHz e)
[    27.534] (II) vmware(0): Modeline "1920x1440"x60.0  234.00  1920 2048 2256 2600  1440 1441 1444 1500 -hsync +vsync (90.0 kHz e)
[    27.534] (II) vmware(0): Modeline "1856x1392"x60.0  218.25  1856 1952 2176 2528  1392 1393 1396 1439 -hsync +vsync (86.3 kHz e)
[    27.534] (II) vmware(0): Modeline "1792x1344"x60.0  204.75  1792 1920 2120 2448  1344 1345 1348 1394 -hsync +vsync (83.6 kHz e)
[    27.534] (II) vmware(0): Modeline "1920x1200"x59.9  193.25  1920 2056 2256 2592  1200 1203 1209 1245 -hsync +vsync (74.6 kHz e)
[    27.534] (II) vmware(0): Modeline "1920x1080"x60.0  173.00  1920 2048 2248 2576  1080 1083 1088 1120 -hsync +vsync (67.2 kHz e)
[    27.534] (II) vmware(0): Modeline "1600x1200"x60.0  162.00  1600 1664 1856 2160  1200 1201 1204 1250 +hsync +vsync (75.0 kHz e)
[    27.534] (II) vmware(0): Modeline "1680x1050"x60.0  146.25  1680 1784 1960 2240  1050 1053 1059 1089 -hsync +vsync (65.3 kHz e)
[    27.534] (II) vmware(0): Modeline "1400x1050"x60.0  121.75  1400 1488 1632 1864  1050 1053 1057 1089 -hsync +vsync (65.3 kHz e)
[    27.534] (II) vmware(0): Modeline "1280x1024"x60.0  108.00  1280 1328 1440 1688  1024 1025 1028 1066 +hsync +vsync (64.0 kHz e)
[    27.534] (II) vmware(0): Modeline "1440x900"x59.9  106.50  1440 1520 1672 1904  900 903 909 934 -hsync +vsync (55.9 kHz e)
[    27.534] (II) vmware(0): Modeline "1280x960"x60.0  108.00  1280 1376 1488 1800  960 961 964 1000 +hsync +vsync (60.0 kHz e)
[    27.534] (II) vmware(0): Modeline "1360x768"x60.0   85.50  1360 1424 1536 1792  768 771 777 795 +hsync +vsync (47.7 kHz e)
[    27.534] (II) vmware(0): Modeline "1280x800"x59.8   83.50  1280 1352 1480 1680  800 803 809 831 +hsync -vsync (49.7 kHz e)
[    27.534] (II) vmware(0): Modeline "1152x864"x75.0  108.00  1152 1216 1344 1600  864 865 868 900 +hsync +vsync (67.5 kHz e)
[    27.534] (II) vmware(0): Modeline "1280x768"x59.9   79.50  1280 1344 1472 1664  768 771 778 798 -hsync +vsync (47.8 kHz e)
[    27.535] (II) vmware(0): Modeline "1280x720"x59.9   74.50  1280 1344 1472 1664  720 723 728 748 -hsync +vsync (44.8 kHz e)
[    27.535] (II) vmware(0): Modeline "1024x768"x60.0   65.00  1024 1048 1184 1344  768 771 777 806 -hsync -vsync (48.4 kHz e)
[    27.535] (II) vmware(0): Modeline "800x600"x60.3   40.00  800 840 968 1056  600 601 605 628 +hsync +vsync (37.9 kHz e)
[    27.535] (II) vmware(0): Modeline "640x480"x59.9   25.18  640 656 752 800  480 489 492 525 -hsync -vsync (31.5 kHz e)
[    27.535] (II) vmware(0): EDID for output Virtual2
[    27.535] (II) vmware(0): EDID for output Virtual3
[    27.535] (II) vmware(0): EDID for output Virtual4
[    27.535] (II) vmware(0): EDID for output Virtual5
[    27.535] (II) vmware(0): EDID for output Virtual6
[    27.535] (II) vmware(0): EDID for output Virtual7
[    27.535] (II) vmware(0): EDID for output Virtual8
[    27.535] (II) vmware(0): Output Virtual1 connected
[    27.535] (II) vmware(0): Output Virtual2 disconnected
[    27.535] (II) vmware(0): Output Virtual3 disconnected
[    27.535] (II) vmware(0): Output Virtual4 disconnected
[    27.535] (II) vmware(0): Output Virtual5 disconnected
[    27.536] (II) vmware(0): Output Virtual6 disconnected
[    27.536] (II) vmware(0): Output Virtual7 disconnected
[    27.536] (II) vmware(0): Output Virtual8 disconnected
[    27.536] (II) vmware(0): Using exact sizes for initial modes
[    27.536] (II) vmware(0): Output Virtual1 using initial mode 958x966 +0+0
[    27.536] (==) vmware(0): DPI set to (96, 96)
[    27.536] (==) vmware(0): Using gamma correction (1.0, 1.0, 1.0)
[    27.536] (II) Loading sub module "fb"
[    27.536] (II) LoadModule: "fb"
[    27.536] (II) Loading /usr/lib/xorg/modules/libfb.so
[    27.538] (II) Module fb: vendor="X.Org Foundation"
[    27.539] 	compiled for 1.20.13, module version = 1.0.0
[    27.539] 	ABI class: X.Org ANSI C Emulation, version 0.4
[    27.539] (II) Loading sub module "dri2"
[    27.539] (II) LoadModule: "dri2"
[    27.539] (II) Module "dri2" already built-in
[    27.539] (II) Loading sub module "dri3"
[    27.539] (II) LoadModule: "dri3"
[    27.539] (II) Module "dri3" already built-in
[    27.539] (II) UnloadModule: "modesetting"
[    27.539] (II) Unloading modesetting
[    27.539] (II) UnloadModule: "fbdev"
[    27.540] (II) Unloading fbdev
[    27.540] (II) UnloadSubModule: "fbdevhw"
[    27.540] (II) Unloading fbdevhw
[    27.540] (II) UnloadModule: "vesa"
[    27.540] (II) Unloading vesa
[    27.542] (II) vmware(0): Initialized VMWARE_CTRL extension version 0.2
[    27.548] (WW) vmware(0): Failed to initialize Gallium3D Xa. No render acceleration available.
[    27.549] (WW) vmware(0): Skipped initialization of direct rendering due to lack of render acceleration.
[    27.549] (--) vmware(0): Render acceleration is disabled.
[    27.549] (==) vmware(0): Rendercheck mode is disabled.
[    27.549] (--) vmware(0): Direct rendering (DRI2 3D) is disabled.
[    27.549] (--) vmware(0): Direct rendering (DRI3 3D) is disabled.
[    27.549] (==) vmware(0): Backing store enabled
[    27.549] (==) vmware(0): Silken mouse enabled
[    27.550] (==) vmware(0): DPMS enabled
[    27.550] (II) vmware(0): No 3D acceleration. Not setting up textured video.
[    27.550] (WW) vmware(0): Disabling Xv because no adaptors could be initialized.
[    27.550] (II) Initializing extension Generic Event Extension
[    27.550] (II) Initializing extension SHAPE
[    27.550] (II) Initializing extension MIT-SHM
[    27.550] (II) Initializing extension XInputExtension
[    27.550] (II) Initializing extension XTEST
[    27.551] (II) Initializing extension BIG-REQUESTS
[    27.551] (II) Initializing extension SYNC
[    27.551] (II) Initializing extension XKEYBOARD
[    27.551] (II) Initializing extension XC-MISC
[    27.551] (II) Initializing extension SECURITY
[    27.551] (II) Initializing extension XFIXES
[    27.551] (II) Initializing extension RENDER
[    27.551] (II) Initializing extension RANDR
[    27.552] (II) Initializing extension COMPOSITE
[    27.552] (II) Initializing extension DAMAGE
[    27.552] (II) Initializing extension MIT-SCREEN-SAVER
[    27.552] (II) Initializing extension DOUBLE-BUFFER
[    27.552] (II) Initializing extension RECORD
[    27.552] (II) Initializing extension DPMS
[    27.552] (II) Initializing extension Present
[    27.552] (II) Initializing extension DRI3
[    27.552] (II) Initializing extension X-Resource
[    27.553] (II) Initializing extension XVideo
[    27.553] (II) Initializing extension XVideo-MotionCompensation
[    27.553] (II) Initializing extension SELinux
[    27.553] (II) SELinux: Disabled on system
[    27.553] (II) Initializing extension GLX
[    27.553] (II) AIGLX: Screen 0 is not DRI2 capable
[    27.557] (II) IGLX: Loaded and initialized swrast
[    27.557] (II) GLX: Initialized DRISWRAST GL provider for screen 0
[    27.557] (II) Initializing extension XFree86-VidModeExtension
[    27.558] (II) Initializing extension XFree86-DGA
[    27.558] (II) Initializing extension XFree86-DRI
[    27.558] (II) Initializing extension DRI2
[    27.560] (II) vmware(0): Setting screen physical size to 253 x 255
[    27.585] (II) config/udev: Adding input device Power Button (/dev/input/event0)
[    27.585] (**) Power Button: Applying InputClass "libinput keyboard catchall"
[    27.585] (II) LoadModule: "libinput"
[    27.586] (II) Loading /usr/lib/xorg/modules/input/libinput_drv.so
[    27.591] (II) Module libinput: vendor="X.Org Foundation"
[    27.591] 	compiled for 1.20.4, module version = 0.29.0
[    27.591] 	Module class: X.Org XInput Driver
[    27.591] 	ABI class: X.Org XInput driver, version 24.1
[    27.591] (II) Using input driver 'libinput' for 'Power Button'
[    27.592] (II) systemd-logind: got fd for /dev/input/event0 13:64 fd 20 paused 0
[    27.592] (**) Power Button: always reports core events
[    27.592] (**) Option "Device" "/dev/input/event0"
[    27.592] (**) Option "_source" "server/udev"
[    27.594] (II) event0  - Power Button: is tagged by udev as: Keyboard
[    27.594] (II) event0  - Power Button: device is a keyboard
[    27.594] (II) event0  - Power Button: device removed
[    27.594] (**) Option "config_info" "udev:/sys/devices/LNXSYSTM:00/LNXPWRBN:00/input/input0/event0"
[    27.594] (II) XINPUT: Adding extended input device "Power Button" (type: KEYBOARD, id 6)
[    27.594] (**) Option "xkb_model" "pc105"
[    27.595] (**) Option "xkb_layout" "es"
[    27.610] (II) event0  - Power Button: is tagged by udev as: Keyboard
[    27.611] (II) event0  - Power Button: device is a keyboard
[    27.612] (II) config/udev: Adding input device Sleep Button (/dev/input/event1)
[    27.613] (**) Sleep Button: Applying InputClass "libinput keyboard catchall"
[    27.613] (II) Using input driver 'libinput' for 'Sleep Button'
[    27.614] (II) systemd-logind: got fd for /dev/input/event1 13:65 fd 23 paused 0
[    27.614] (**) Sleep Button: always reports core events
[    27.615] (**) Option "Device" "/dev/input/event1"
[    27.615] (**) Option "_source" "server/udev"
[    27.619] (II) event1  - Sleep Button: is tagged by udev as: Keyboard
[    27.620] (II) event1  - Sleep Button: device is a keyboard
[    27.620] (II) event1  - Sleep Button: device removed
[    27.620] (**) Option "config_info" "udev:/sys/devices/LNXSYSTM:00/LNXSLPBN:00/input/input1/event1"
[    27.620] (II) XINPUT: Adding extended input device "Sleep Button" (type: KEYBOARD, id 7)
[    27.620] (**) Option "xkb_model" "pc105"
[    27.620] (**) Option "xkb_layout" "es"
[    27.621] (II) event1  - Sleep Button: is tagged by udev as: Keyboard
[    27.621] (II) event1  - Sleep Button: device is a keyboard
[    27.622] (II) config/udev: Adding input device Video Bus (/dev/input/event3)
[    27.622] (**) Video Bus: Applying InputClass "libinput keyboard catchall"
[    27.622] (II) Using input driver 'libinput' for 'Video Bus'
[    27.622] (II) systemd-logind: got fd for /dev/input/event3 13:67 fd 24 paused 0
[    27.623] (**) Video Bus: always reports core events
[    27.623] (**) Option "Device" "/dev/input/event3"
[    27.623] (**) Option "_source" "server/udev"
[    27.623] (II) event3  - Video Bus: is tagged by udev as: Keyboard
[    27.623] (II) event3  - Video Bus: device is a keyboard
[    27.624] (II) event3  - Video Bus: device removed
[    27.626] (**) Option "config_info" "udev:/sys/devices/LNXSYSTM:00/LNXSYBUS:00/PNP0A03:00/LNXVIDEO:00/input/input4/event3"
[    27.628] (II) XINPUT: Adding extended input device "Video Bus" (type: KEYBOARD, id 8)
[    27.628] (**) Option "xkb_model" "pc105"
[    27.628] (**) Option "xkb_layout" "es"
[    27.629] (II) event3  - Video Bus: is tagged by udev as: Keyboard
[    27.629] (II) event3  - Video Bus: device is a keyboard
[    27.630] (II) config/udev: Adding input device VirtualBox mouse integration (/dev/input/event6)
[    27.630] (**) VirtualBox mouse integration: Applying InputClass "libinput pointer catchall"
[    27.630] (II) Using input driver 'libinput' for 'VirtualBox mouse integration'
[    27.632] (II) systemd-logind: got fd for /dev/input/event6 13:70 fd 25 paused 0
[    27.633] (**) VirtualBox mouse integration: always reports core events
[    27.633] (**) Option "Device" "/dev/input/event6"
[    27.633] (**) Option "_source" "server/udev"
[    27.633] (II) event6  - VirtualBox mouse integration: is tagged by udev as: Mouse
[    27.634] (II) event6  - VirtualBox mouse integration: device is a pointer
[    27.634] (II) event6  - VirtualBox mouse integration: device removed
[    27.634] (**) Option "config_info" "udev:/sys/devices/pci0000:00/0000:00:04.0/input/input7/event6"
[    27.634] (II) XINPUT: Adding extended input device "VirtualBox mouse integration" (type: MOUSE, id 9)
[    27.634] (**) Option "AccelerationScheme" "none"
[    27.634] (**) VirtualBox mouse integration: (accel) selected scheme none/0
[    27.635] (**) VirtualBox mouse integration: (accel) acceleration factor: 2.000
[    27.635] (**) VirtualBox mouse integration: (accel) acceleration threshold: 4
[    27.635] (II) event6  - VirtualBox mouse integration: is tagged by udev as: Mouse
[    27.635] (II) event6  - VirtualBox mouse integration: device is a pointer
[    27.636] (II) config/udev: Adding input device VirtualBox mouse integration (/dev/input/js1)
[    27.636] (II) No input driver specified, ignoring this device.
[    27.636] (II) This device may have been added with another device file.
[    27.636] (II) config/udev: Adding input device VirtualBox mouse integration (/dev/input/mouse2)
[    27.637] (II) No input driver specified, ignoring this device.
[    27.637] (II) This device may have been added with another device file.
[    27.637] (II) config/udev: Adding input device VirtualBox USB Tablet (/dev/input/event4)
[    27.637] (**) VirtualBox USB Tablet: Applying InputClass "libinput pointer catchall"
[    27.638] (II) Using input driver 'libinput' for 'VirtualBox USB Tablet'
[    27.697] (II) systemd-logind: got fd for /dev/input/event4 13:68 fd 26 paused 0
[    27.697] (**) VirtualBox USB Tablet: always reports core events
[    27.697] (**) Option "Device" "/dev/input/event4"
[    27.697] (**) Option "_source" "server/udev"
[    27.698] (II) event4  - VirtualBox USB Tablet: is tagged by udev as: Mouse
[    27.699] (II) event4  - VirtualBox USB Tablet: device is a pointer
[    27.699] (II) event4  - VirtualBox USB Tablet: device removed
[    27.699] (**) Option "config_info" "udev:/sys/devices/pci0000:00/0000:00:06.0/usb2/2-1/2-1:1.0/0003:80EE:0021.0001/input/input6/event4"
[    27.699] (II) XINPUT: Adding extended input device "VirtualBox USB Tablet" (type: MOUSE, id 10)
[    27.699] (**) Option "AccelerationScheme" "none"
[    27.699] (**) VirtualBox USB Tablet: (accel) selected scheme none/0
[    27.700] (**) VirtualBox USB Tablet: (accel) acceleration factor: 2.000
[    27.700] (**) VirtualBox USB Tablet: (accel) acceleration threshold: 4
[    27.701] (II) event4  - VirtualBox USB Tablet: is tagged by udev as: Mouse
[    27.701] (II) event4  - VirtualBox USB Tablet: device is a pointer
[    27.702] (II) config/udev: Adding input device VirtualBox USB Tablet (/dev/input/js0)
[    27.702] (II) No input driver specified, ignoring this device.
[    27.702] (II) This device may have been added with another device file.
[    27.702] (II) config/udev: Adding input device VirtualBox USB Tablet (/dev/input/mouse0)
[    27.702] (II) No input driver specified, ignoring this device.
[    27.702] (II) This device may have been added with another device file.
[    27.703] (II) config/udev: Adding input device AT Translated Set 2 keyboard (/dev/input/event2)
[    27.703] (**) AT Translated Set 2 keyboard: Applying InputClass "libinput keyboard catchall"
[    27.703] (II) Using input driver 'libinput' for 'AT Translated Set 2 keyboard'
[    27.704] (II) systemd-logind: got fd for /dev/input/event2 13:66 fd 27 paused 0
[    27.704] (**) AT Translated Set 2 keyboard: always reports core events
[    27.704] (**) Option "Device" "/dev/input/event2"
[    27.704] (**) Option "_source" "server/udev"
[    27.705] (II) event2  - AT Translated Set 2 keyboard: is tagged by udev as: Keyboard
[    27.705] (II) event2  - AT Translated Set 2 keyboard: device is a keyboard
[    27.706] (II) event2  - AT Translated Set 2 keyboard: device removed
[    27.706] (**) Option "config_info" "udev:/sys/devices/platform/i8042/serio0/input/input2/event2"
[    27.706] (II) XINPUT: Adding extended input device "AT Translated Set 2 keyboard" (type: KEYBOARD, id 11)
[    27.706] (**) Option "xkb_model" "pc105"
[    27.706] (**) Option "xkb_layout" "es"
[    27.707] (II) event2  - AT Translated Set 2 keyboard: is tagged by udev as: Keyboard
[    27.707] (II) event2  - AT Translated Set 2 keyboard: device is a keyboard
[    27.708] (II) config/udev: Adding input device ImExPS/2 Generic Explorer Mouse (/dev/input/event5)
[    27.708] (**) ImExPS/2 Generic Explorer Mouse: Applying InputClass "libinput pointer catchall"
[    27.708] (II) Using input driver 'libinput' for 'ImExPS/2 Generic Explorer Mouse'
[    27.709] (II) systemd-logind: got fd for /dev/input/event5 13:69 fd 28 paused 0
[    27.709] (**) ImExPS/2 Generic Explorer Mouse: always reports core events
[    27.709] (**) Option "Device" "/dev/input/event5"
[    27.709] (**) Option "_source" "server/udev"
[    27.710] (II) event5  - ImExPS/2 Generic Explorer Mouse: is tagged by udev as: Mouse
[    27.710] (II) event5  - ImExPS/2 Generic Explorer Mouse: device is a pointer
[    27.710] (II) event5  - ImExPS/2 Generic Explorer Mouse: device removed
[    27.710] (**) Option "config_info" "udev:/sys/devices/platform/i8042/serio1/input/input5/event5"
[    27.711] (II) XINPUT: Adding extended input device "ImExPS/2 Generic Explorer Mouse" (type: MOUSE, id 12)
[    27.711] (**) Option "AccelerationScheme" "none"
[    27.711] (**) ImExPS/2 Generic Explorer Mouse: (accel) selected scheme none/0
[    27.711] (**) ImExPS/2 Generic Explorer Mouse: (accel) acceleration factor: 2.000
[    27.711] (**) ImExPS/2 Generic Explorer Mouse: (accel) acceleration threshold: 4
[    27.712] (II) event5  - ImExPS/2 Generic Explorer Mouse: is tagged by udev as: Mouse
[    27.712] (II) event5  - ImExPS/2 Generic Explorer Mouse: device is a pointer
[    27.713] (II) config/udev: Adding input device ImExPS/2 Generic Explorer Mouse (/dev/input/mouse1)
[    27.713] (II) No input driver specified, ignoring this device.
[    27.713] (II) This device may have been added with another device file.
[    36.332] (!!) vmware(0): New layout.
[    36.333] (!!) vmware(0): 0: 0 0 1918 966
[    36.333] (!!) vmware(0): 
[    36.344] (EE) No surface to present from.
[    58.385] (EE) vmwgfx_scanout_update: failed to send dirty (-22, Invalid argument)
[    58.401] (EE) vmwgfx_scanout_update: failed to send dirty (-22, Invalid argument)
[   117.097] (**) Option "fd" "20"
[   117.099] (II) event0  - Power Button: device removed
[   117.100] (**) Option "fd" "23"
[   117.100] (II) event1  - Sleep Button: device removed
[   117.100] (**) Option "fd" "24"
[   117.100] (II) event3  - Video Bus: device removed
[   117.100] (**) Option "fd" "25"
[   117.100] (II) event6  - VirtualBox mouse integration: device removed
[   117.100] (**) Option "fd" "26"
[   117.101] (II) event4  - VirtualBox USB Tablet: device removed
[   117.101] (**) Option "fd" "27"
[   117.101] (II) event2  - AT Translated Set 2 keyboard: device removed
[   117.101] (**) Option "fd" "28"
[   117.103] (II) event5  - ImExPS/2 Generic Explorer Mouse: device removed
[   117.105] (II) UnloadModule: "libinput"
[   117.106] (II) systemd-logind: releasing fd for 13:69
[   117.153] (II) UnloadModule: "libinput"
[   117.153] (II) systemd-logind: releasing fd for 13:66
[   117.184] (II) UnloadModule: "libinput"
[   117.184] (II) systemd-logind: releasing fd for 13:68
[   117.184] (II) UnloadModule: "libinput"
[   117.185] (II) systemd-logind: releasing fd for 13:70
[   117.185] (II) UnloadModule: "libinput"
[   117.185] (II) systemd-logind: releasing fd for 13:67
[   117.185] (II) UnloadModule: "libinput"
[   117.185] (II) systemd-logind: releasing fd for 13:65
[   117.186] (II) UnloadModule: "libinput"
[   117.186] (II) systemd-logind: releasing fd for 13:64
[   117.187] (WW) xf86CloseConsole: KDSETMODE failed: Input/output error
[   117.188] (WW) xf86CloseConsole: VT_GETMODE failed: Input/output error
[   117.188] (WW) xf86CloseConsole: VT_ACTIVATE failed: Input/output error
[   117.193] (II) Server terminated successfully (0). Closing log file.
